mode: count
monitor_system/logging/log.go:16.28,17.18 1 0
monitor_system/logging/log.go:21.2,25.18 3 0
monitor_system/logging/log.go:29.2,34.16 5 0
monitor_system/logging/log.go:37.2,38.14 2 0
monitor_system/logging/log.go:17.18,19.3 1 0
monitor_system/logging/log.go:25.18,27.3 1 0
monitor_system/logging/log.go:34.16,36.3 1 0
monitor_system/logging/log.go:41.32,42.18 1 0
monitor_system/logging/log.go:45.2,45.18 1 0
monitor_system/logging/log.go:49.2,49.21 1 0
monitor_system/logging/log.go:42.18,44.3 1 0
monitor_system/logging/log.go:45.18,48.3 2 0
monitor_system/logging/log.go:52.48,53.18 1 0
monitor_system/logging/log.go:56.2,56.18 1 0
monitor_system/logging/log.go:60.2,60.28 1 0
monitor_system/logging/log.go:53.18,55.3 1 0
monitor_system/logging/log.go:56.18,59.3 2 0
monitor_system/modules/session.go:5.62,7.2 1 0
monitor_system/modules/session.go:9.57,11.2 1 0
monitor_system/modules/session.go:13.53,15.2 1 0
monitor_system/modules/session.go:17.53,19.2 1 0
monitor_system/modules/user.go:5.81,7.2 1 0
monitor_system/internal/routers/router.go:13.39,16.15 3 0
monitor_system/internal/routers/router.go:20.2,30.15 9 0
monitor_system/internal/routers/router.go:16.15,18.3 1 0
monitor_system/internal/dao/system_info_mysql.go:18.69,22.2 3 0
monitor_system/internal/dao/system_info_mysql.go:24.79,27.16 3 0
monitor_system/internal/dao/system_info_mysql.go:31.2,31.18 1 0
monitor_system/internal/dao/system_info_mysql.go:42.2,42.22 1 0
monitor_system/internal/dao/system_info_mysql.go:27.16,30.3 2 0
monitor_system/internal/dao/system_info_mysql.go:31.18,35.73 3 0
monitor_system/internal/dao/system_info_mysql.go:39.3,40.39 2 0
monitor_system/internal/dao/system_info_mysql.go:35.73,38.4 2 0
monitor_system/internal/dao/system_info_mysql.go:45.66,47.16 2 0
monitor_system/internal/dao/system_info_mysql.go:54.2,56.16 3 0
monitor_system/internal/dao/system_info_mysql.go:61.2,62.16 2 0
monitor_system/internal/dao/system_info_mysql.go:68.2,68.17 1 0
monitor_system/internal/dao/system_info_mysql.go:76.2,76.12 1 0
monitor_system/internal/dao/system_info_mysql.go:47.16,48.16 1 0
monitor_system/internal/dao/system_info_mysql.go:51.3,52.13 2 0
monitor_system/internal/dao/system_info_mysql.go:48.16,50.4 1 0
monitor_system/internal/dao/system_info_mysql.go:56.16,60.3 3 0
monitor_system/internal/dao/system_info_mysql.go:62.16,66.3 3 0
monitor_system/internal/dao/system_info_mysql.go:68.17,70.3 1 0
monitor_system/internal/dao/system_info_mysql.go:70.8,74.3 3 0
monitor_system/internal/middleware/auth.go:15.40,19.16 4 0
monitor_system/internal/middleware/auth.go:25.2,26.24 2 0
monitor_system/internal/middleware/auth.go:32.2,33.54 2 0
monitor_system/internal/middleware/auth.go:19.16,24.3 4 0
monitor_system/internal/middleware/auth.go:26.24,31.3 4 0
monitor_system/internal/middleware/auth.go:36.39,39.53 3 0
monitor_system/internal/middleware/auth.go:45.2,45.40 1 0
monitor_system/internal/middleware/auth.go:39.53,44.3 4 0
monitor_system/internal/utils/valid.go:8.74,9.16 1 4
monitor_system/internal/utils/valid.go:14.2,15.21 2 3
monitor_system/internal/utils/valid.go:9.16,10.24 1 4
monitor_system/internal/utils/valid.go:10.24,12.4 1 1
monitor_system/internal/utils/valid.go:19.74,20.16 1 3
monitor_system/internal/utils/valid.go:25.2,26.22 2 2
monitor_system/internal/utils/valid.go:20.16,21.24 1 3
monitor_system/internal/utils/valid.go:21.24,23.4 1 1
monitor_system/config/config.go:51.24,52.17 1 0
monitor_system/config/config.go:56.2,60.17 3 0
monitor_system/config/config.go:64.2,67.16 3 0
monitor_system/config/config.go:71.2,72.16 2 0
monitor_system/config/config.go:76.2,76.13 1 0
monitor_system/config/config.go:52.17,54.3 1 0
monitor_system/config/config.go:60.17,62.3 1 0
monitor_system/config/config.go:67.16,69.3 1 0
monitor_system/config/config.go:72.16,74.3 1 0
monitor_system/errcode/code_string.go:21.34,22.50 1 0
monitor_system/errcode/code_string.go:25.2,25.61 1 0
monitor_system/errcode/code_string.go:22.50,24.3 1 0
monitor_system/internal/cipher/aes.go:10.60,14.2 3 0
monitor_system/internal/cipher/aes.go:16.45,20.2 3 0
monitor_system/internal/cipher/aes.go:23.65,26.16 3 0
monitor_system/internal/cipher/aes.go:29.2,34.56 6 0
monitor_system/internal/cipher/aes.go:26.16,28.3 1 0
monitor_system/internal/cipher/aes.go:38.61,40.16 2 0
monitor_system/internal/cipher/aes.go:43.2,44.16 2 0
monitor_system/internal/cipher/aes.go:47.2,52.30 6 0
monitor_system/internal/cipher/aes.go:40.16,42.3 1 0
monitor_system/internal/cipher/aes.go:44.16,46.3 1 0
monitor_system/internal/db/mysql.go:16.46,17.25 1 0
monitor_system/internal/db/mysql.go:21.2,25.25 3 0
monitor_system/internal/db/mysql.go:28.2,31.39 3 0
monitor_system/internal/db/mysql.go:35.2,35.21 1 0
monitor_system/internal/db/mysql.go:17.25,19.3 1 0
monitor_system/internal/db/mysql.go:25.25,27.3 1 0
monitor_system/internal/db/mysql.go:31.39,33.3 1 0
monitor_system/modules/system_info.go:8.80,10.2 1 0
monitor_system/modules/system_info.go:12.67,14.2 1 0
monitor_system/response/response.go:9.39,11.2 1 0
monitor_system/response/response.go:13.65,15.2 1 0
monitor_system/apis/save_system_info.go:19.76,22.14 3 0
monitor_system/apis/save_system_info.go:25.2,25.36 1 0
monitor_system/apis/save_system_info.go:31.2,32.30 2 0
monitor_system/apis/save_system_info.go:35.2,36.30 2 0
monitor_system/apis/save_system_info.go:39.2,39.25 1 0
monitor_system/apis/save_system_info.go:22.14,24.3 1 0
monitor_system/apis/save_system_info.go:25.36,27.21 2 0
monitor_system/apis/save_system_info.go:27.21,29.4 1 0
monitor_system/apis/save_system_info.go:32.30,34.3 1 0
monitor_system/apis/save_system_info.go:36.30,38.3 1 0
monitor_system/apis/save_system_info.go:42.43,44.14 2 0
monitor_system/apis/save_system_info.go:49.2,53.14 5 0
monitor_system/apis/save_system_info.go:58.2,58.69 1 0
monitor_system/apis/save_system_info.go:44.14,47.3 2 0
monitor_system/apis/save_system_info.go:53.14,57.3 3 0
monitor_system/internal/dao/session_mysql.go:21.59,26.2 4 0
monitor_system/internal/dao/session_mysql.go:28.50,30.2 1 0
monitor_system/internal/dao/session_mysql.go:32.68,36.14 4 0
monitor_system/internal/dao/session_mysql.go:40.2,41.69 2 0
monitor_system/internal/dao/session_mysql.go:45.2,45.18 1 0
monitor_system/internal/dao/session_mysql.go:36.14,39.3 2 0
monitor_system/internal/dao/session_mysql.go:41.69,44.3 2 0
monitor_system/internal/dao/session_mysql.go:48.63,50.16 2 0
monitor_system/internal/dao/session_mysql.go:58.2,62.16 5 0
monitor_system/internal/dao/session_mysql.go:68.2,70.16 3 0
monitor_system/internal/dao/session_mysql.go:86.2,87.16 2 0
monitor_system/internal/dao/session_mysql.go:92.2,93.16 2 0
monitor_system/internal/dao/session_mysql.go:99.2,99.17 1 0
monitor_system/internal/dao/session_mysql.go:104.2,106.23 3 0
monitor_system/internal/dao/session_mysql.go:50.16,51.16 1 0
monitor_system/internal/dao/session_mysql.go:54.3,55.17 2 0
monitor_system/internal/dao/session_mysql.go:51.16,53.4 1 0
monitor_system/internal/dao/session_mysql.go:62.16,66.3 3 0
monitor_system/internal/dao/session_mysql.go:70.16,77.3 1 0
monitor_system/internal/dao/session_mysql.go:77.8,84.3 1 0
monitor_system/internal/dao/session_mysql.go:87.16,91.3 3 0
monitor_system/internal/dao/session_mysql.go:93.16,97.3 3 0
monitor_system/internal/dao/session_mysql.go:99.17,103.3 3 0
monitor_system/internal/dao/session_mysql.go:109.59,111.16 2 0
monitor_system/internal/dao/session_mysql.go:118.2,125.16 4 0
monitor_system/internal/dao/session_mysql.go:130.2,131.16 2 0
monitor_system/internal/dao/session_mysql.go:137.2,137.17 1 0
monitor_system/internal/dao/session_mysql.go:142.2,144.12 3 0
monitor_system/internal/dao/session_mysql.go:111.16,112.16 1 0
monitor_system/internal/dao/session_mysql.go:115.3,116.13 2 0
monitor_system/internal/dao/session_mysql.go:112.16,114.4 1 0
monitor_system/internal/dao/session_mysql.go:125.16,129.3 3 0
monitor_system/internal/dao/session_mysql.go:131.16,135.3 3 0
monitor_system/internal/dao/session_mysql.go:137.17,141.3 3 0
monitor_system/internal/dao/session_mysql.go:147.59,149.16 2 0
monitor_system/internal/dao/session_mysql.go:156.2,158.16 3 0
monitor_system/internal/dao/session_mysql.go:163.2,164.16 2 0
monitor_system/internal/dao/session_mysql.go:169.2,169.17 1 0
monitor_system/internal/dao/session_mysql.go:175.2,177.12 3 0
monitor_system/internal/dao/session_mysql.go:149.16,150.16 1 0
monitor_system/internal/dao/session_mysql.go:153.3,154.13 2 0
monitor_system/internal/dao/session_mysql.go:150.16,152.4 1 0
monitor_system/internal/dao/session_mysql.go:158.16,162.3 3 0
monitor_system/internal/dao/session_mysql.go:164.16,168.3 3 0
monitor_system/internal/dao/session_mysql.go:169.17,173.3 3 0
monitor_system/internal/dao/user_mysql.go:16.48,21.2 4 0
monitor_system/internal/dao/user_mysql.go:23.79,27.14 4 0
monitor_system/internal/dao/user_mysql.go:31.2,32.14 2 0
monitor_system/internal/dao/user_mysql.go:37.2,38.14 2 0
monitor_system/internal/dao/user_mysql.go:42.2,42.30 1 0
monitor_system/internal/dao/user_mysql.go:45.2,45.19 1 0
monitor_system/internal/dao/user_mysql.go:27.14,29.3 1 0
monitor_system/internal/dao/user_mysql.go:32.14,34.3 1 0
monitor_system/internal/dao/user_mysql.go:38.14,40.3 1 0
monitor_system/internal/dao/user_mysql.go:42.30,44.3 1 0
monitor_system/apis/get_system_info.go:17.60,20.14 3 0
monitor_system/apis/get_system_info.go:23.2,29.25 6 0
monitor_system/apis/get_system_info.go:32.2,33.25 2 0
monitor_system/apis/get_system_info.go:36.2,37.25 2 0
monitor_system/apis/get_system_info.go:41.2,42.25 2 0
monitor_system/apis/get_system_info.go:46.2,46.48 1 0
monitor_system/apis/get_system_info.go:50.2,51.14 2 0
monitor_system/apis/get_system_info.go:55.2,55.20 1 0
monitor_system/apis/get_system_info.go:59.2,59.48 1 0
monitor_system/apis/get_system_info.go:62.2,62.23 1 0
monitor_system/apis/get_system_info.go:20.14,22.3 1 0
monitor_system/apis/get_system_info.go:29.25,31.3 1 0
monitor_system/apis/get_system_info.go:33.25,35.3 1 0
monitor_system/apis/get_system_info.go:37.25,39.3 1 0
monitor_system/apis/get_system_info.go:42.25,44.3 1 0
monitor_system/apis/get_system_info.go:46.48,48.3 1 0
monitor_system/apis/get_system_info.go:51.14,53.3 1 0
monitor_system/apis/get_system_info.go:55.20,57.3 1 0
monitor_system/apis/get_system_info.go:59.48,61.3 1 0
monitor_system/apis/get_system_info.go:65.44,68.64 3 0
monitor_system/apis/get_system_info.go:73.2,76.16 4 0
monitor_system/apis/get_system_info.go:81.2,83.87 2 0
monitor_system/apis/get_system_info.go:68.64,72.3 3 0
monitor_system/apis/get_system_info.go:76.16,80.3 3 0
monitor_system/apis/user_login.go:18.71,21.14 3 0
monitor_system/apis/user_login.go:24.2,25.30 2 0
monitor_system/apis/user_login.go:28.2,28.19 1 0
monitor_system/apis/user_login.go:21.14,23.3 1 0
monitor_system/apis/user_login.go:25.30,27.3 1 0
monitor_system/apis/user_login.go:31.38,33.14 2 0
monitor_system/apis/user_login.go:37.2,42.98 6 0
monitor_system/apis/user_login.go:47.2,47.17 1 0
monitor_system/apis/user_login.go:53.2,55.14 3 0
monitor_system/apis/user_login.go:59.2,61.69 2 0
monitor_system/apis/user_login.go:33.14,36.3 2 0
monitor_system/apis/user_login.go:42.98,46.3 3 0
monitor_system/apis/user_login.go:47.17,51.3 3 0
monitor_system/apis/user_login.go:55.14,58.3 2 0
monitor_system/internal/dao/user_mysql.go:16.48,21.2 4 0
monitor_system/internal/dao/user_mysql.go:23.79,27.14 4 0
monitor_system/internal/dao/user_mysql.go:31.2,32.14 2 0
monitor_system/internal/dao/user_mysql.go:37.2,38.14 2 0
monitor_system/internal/dao/user_mysql.go:42.2,42.30 1 0
monitor_system/internal/dao/user_mysql.go:45.2,45.19 1 0
monitor_system/internal/dao/user_mysql.go:27.14,29.3 1 0
monitor_system/internal/dao/user_mysql.go:32.14,34.3 1 0
monitor_system/internal/dao/user_mysql.go:38.14,40.3 1 0
monitor_system/internal/dao/user_mysql.go:42.30,44.3 1 0
monitor_system/modules/session.go:5.62,7.2 1 0
monitor_system/modules/session.go:9.57,11.2 1 0
monitor_system/modules/session.go:13.53,15.2 1 0
monitor_system/modules/session.go:17.53,19.2 1 0
monitor_system/internal/db/mysql.go:16.46,17.25 1 0
monitor_system/internal/db/mysql.go:21.2,25.25 3 0
monitor_system/internal/db/mysql.go:28.2,31.39 3 0
monitor_system/internal/db/mysql.go:35.2,35.21 1 0
monitor_system/internal/db/mysql.go:17.25,19.3 1 0
monitor_system/internal/db/mysql.go:25.25,27.3 1 0
monitor_system/internal/db/mysql.go:31.39,33.3 1 0
monitor_system/response/response.go:9.39,11.2 1 0
monitor_system/response/response.go:13.65,15.2 1 0
monitor_system/apis/get_system_info.go:17.60,20.14 3 0
monitor_system/apis/get_system_info.go:23.2,29.25 6 0
monitor_system/apis/get_system_info.go:32.2,33.25 2 0
monitor_system/apis/get_system_info.go:36.2,37.25 2 0
monitor_system/apis/get_system_info.go:41.2,42.25 2 0
monitor_system/apis/get_system_info.go:46.2,46.48 1 0
monitor_system/apis/get_system_info.go:50.2,51.14 2 0
monitor_system/apis/get_system_info.go:55.2,55.20 1 0
monitor_system/apis/get_system_info.go:59.2,59.48 1 0
monitor_system/apis/get_system_info.go:62.2,62.23 1 0
monitor_system/apis/get_system_info.go:20.14,22.3 1 0
monitor_system/apis/get_system_info.go:29.25,31.3 1 0
monitor_system/apis/get_system_info.go:33.25,35.3 1 0
monitor_system/apis/get_system_info.go:37.25,39.3 1 0
monitor_system/apis/get_system_info.go:42.25,44.3 1 0
monitor_system/apis/get_system_info.go:46.48,48.3 1 0
monitor_system/apis/get_system_info.go:51.14,53.3 1 0
monitor_system/apis/get_system_info.go:55.20,57.3 1 0
monitor_system/apis/get_system_info.go:59.48,61.3 1 0
monitor_system/apis/get_system_info.go:65.44,68.64 3 0
monitor_system/apis/get_system_info.go:73.2,76.16 4 0
monitor_system/apis/get_system_info.go:81.2,83.87 2 0
monitor_system/apis/get_system_info.go:68.64,72.3 3 0
monitor_system/apis/get_system_info.go:76.16,80.3 3 0
monitor_system/apis/user_login.go:18.71,21.14 3 0
monitor_system/apis/user_login.go:24.2,25.30 2 0
monitor_system/apis/user_login.go:28.2,28.19 1 0
monitor_system/apis/user_login.go:21.14,23.3 1 0
monitor_system/apis/user_login.go:25.30,27.3 1 0
monitor_system/apis/user_login.go:31.38,33.14 2 0
monitor_system/apis/user_login.go:37.2,42.98 6 0
monitor_system/apis/user_login.go:47.2,47.17 1 0
monitor_system/apis/user_login.go:53.2,55.14 3 0
monitor_system/apis/user_login.go:59.2,61.69 2 0
monitor_system/apis/user_login.go:33.14,36.3 2 0
monitor_system/apis/user_login.go:42.98,46.3 3 0
monitor_system/apis/user_login.go:47.17,51.3 3 0
monitor_system/apis/user_login.go:55.14,58.3 2 0
monitor_system/internal/middleware/auth.go:15.40,19.16 4 0
monitor_system/internal/middleware/auth.go:25.2,26.24 2 0
monitor_system/internal/middleware/auth.go:32.2,33.54 2 0
monitor_system/internal/middleware/auth.go:19.16,24.3 4 0
monitor_system/internal/middleware/auth.go:26.24,31.3 4 0
monitor_system/internal/middleware/auth.go:36.39,39.53 3 0
monitor_system/internal/middleware/auth.go:45.2,45.40 1 0
monitor_system/internal/middleware/auth.go:39.53,44.3 4 0
monitor_system/internal/cipher/aes.go:10.60,14.2 3 3
monitor_system/internal/cipher/aes.go:16.45,20.2 3 3
monitor_system/internal/cipher/aes.go:23.65,26.16 3 3
monitor_system/internal/cipher/aes.go:29.2,34.56 6 3
monitor_system/internal/cipher/aes.go:26.16,28.3 1 0
monitor_system/internal/cipher/aes.go:38.61,40.16 2 3
monitor_system/internal/cipher/aes.go:43.2,44.16 2 3
monitor_system/internal/cipher/aes.go:47.2,52.30 6 3
monitor_system/internal/cipher/aes.go:40.16,42.3 1 0
monitor_system/internal/cipher/aes.go:44.16,46.3 1 0
monitor_system/modules/user.go:5.81,7.2 1 0
monitor_system/logging/log.go:16.28,17.18 1 0
monitor_system/logging/log.go:21.2,25.18 3 0
monitor_system/logging/log.go:29.2,34.16 5 0
monitor_system/logging/log.go:37.2,38.14 2 0
monitor_system/logging/log.go:17.18,19.3 1 0
monitor_system/logging/log.go:25.18,27.3 1 0
monitor_system/logging/log.go:34.16,36.3 1 0
monitor_system/logging/log.go:41.32,42.18 1 0
monitor_system/logging/log.go:45.2,45.18 1 0
monitor_system/logging/log.go:49.2,49.21 1 0
monitor_system/logging/log.go:42.18,44.3 1 0
monitor_system/logging/log.go:45.18,48.3 2 0
monitor_system/logging/log.go:52.48,53.18 1 0
monitor_system/logging/log.go:56.2,56.18 1 0
monitor_system/logging/log.go:60.2,60.28 1 0
monitor_system/logging/log.go:53.18,55.3 1 0
monitor_system/logging/log.go:56.18,59.3 2 0
monitor_system/modules/system_info.go:8.80,10.2 1 0
monitor_system/modules/system_info.go:12.67,14.2 1 0
monitor_system/internal/routers/router.go:13.39,16.15 3 0
monitor_system/internal/routers/router.go:20.2,30.15 9 0
monitor_system/internal/routers/router.go:16.15,18.3 1 0
monitor_system/internal/dao/system_info_mysql.go:18.69,22.2 3 0
monitor_system/internal/dao/system_info_mysql.go:24.79,27.16 3 0
monitor_system/internal/dao/system_info_mysql.go:31.2,31.18 1 0
monitor_system/internal/dao/system_info_mysql.go:42.2,42.22 1 0
monitor_system/internal/dao/system_info_mysql.go:27.16,30.3 2 0
monitor_system/internal/dao/system_info_mysql.go:31.18,35.73 3 0
monitor_system/internal/dao/system_info_mysql.go:39.3,40.39 2 0
monitor_system/internal/dao/system_info_mysql.go:35.73,38.4 2 0
monitor_system/internal/dao/system_info_mysql.go:45.66,47.16 2 0
monitor_system/internal/dao/system_info_mysql.go:54.2,56.16 3 0
monitor_system/internal/dao/system_info_mysql.go:61.2,62.16 2 0
monitor_system/internal/dao/system_info_mysql.go:68.2,68.17 1 0
monitor_system/internal/dao/system_info_mysql.go:76.2,76.12 1 0
monitor_system/internal/dao/system_info_mysql.go:47.16,48.16 1 0
monitor_system/internal/dao/system_info_mysql.go:51.3,52.13 2 0
monitor_system/internal/dao/system_info_mysql.go:48.16,50.4 1 0
monitor_system/internal/dao/system_info_mysql.go:56.16,60.3 3 0
monitor_system/internal/dao/system_info_mysql.go:62.16,66.3 3 0
monitor_system/internal/dao/system_info_mysql.go:68.17,70.3 1 0
monitor_system/internal/dao/system_info_mysql.go:70.8,74.3 3 0
monitor_system/internal/utils/valid.go:8.74,9.16 1 0
monitor_system/internal/utils/valid.go:14.2,15.21 2 0
monitor_system/internal/utils/valid.go:9.16,10.24 1 0
monitor_system/internal/utils/valid.go:10.24,12.4 1 0
monitor_system/internal/utils/valid.go:19.74,20.16 1 0
monitor_system/internal/utils/valid.go:25.2,26.22 2 0
monitor_system/internal/utils/valid.go:20.16,21.24 1 0
monitor_system/internal/utils/valid.go:21.24,23.4 1 0
monitor_system/errcode/code_string.go:21.34,22.50 1 0
monitor_system/errcode/code_string.go:25.2,25.61 1 0
monitor_system/errcode/code_string.go:22.50,24.3 1 0
monitor_system/internal/dao/session_mysql.go:21.59,26.2 4 0
monitor_system/internal/dao/session_mysql.go:28.50,30.2 1 0
monitor_system/internal/dao/session_mysql.go:32.68,36.14 4 0
monitor_system/internal/dao/session_mysql.go:40.2,41.69 2 0
monitor_system/internal/dao/session_mysql.go:45.2,45.18 1 0
monitor_system/internal/dao/session_mysql.go:36.14,39.3 2 0
monitor_system/internal/dao/session_mysql.go:41.69,44.3 2 0
monitor_system/internal/dao/session_mysql.go:48.63,50.16 2 0
monitor_system/internal/dao/session_mysql.go:58.2,62.16 5 0
monitor_system/internal/dao/session_mysql.go:68.2,70.16 3 0
monitor_system/internal/dao/session_mysql.go:86.2,87.16 2 0
monitor_system/internal/dao/session_mysql.go:92.2,93.16 2 0
monitor_system/internal/dao/session_mysql.go:99.2,99.17 1 0
monitor_system/internal/dao/session_mysql.go:104.2,106.23 3 0
monitor_system/internal/dao/session_mysql.go:50.16,51.16 1 0
monitor_system/internal/dao/session_mysql.go:54.3,55.17 2 0
monitor_system/internal/dao/session_mysql.go:51.16,53.4 1 0
monitor_system/internal/dao/session_mysql.go:62.16,66.3 3 0
monitor_system/internal/dao/session_mysql.go:70.16,77.3 1 0
monitor_system/internal/dao/session_mysql.go:77.8,84.3 1 0
monitor_system/internal/dao/session_mysql.go:87.16,91.3 3 0
monitor_system/internal/dao/session_mysql.go:93.16,97.3 3 0
monitor_system/internal/dao/session_mysql.go:99.17,103.3 3 0
monitor_system/internal/dao/session_mysql.go:109.59,111.16 2 0
monitor_system/internal/dao/session_mysql.go:118.2,125.16 4 0
monitor_system/internal/dao/session_mysql.go:130.2,131.16 2 0
monitor_system/internal/dao/session_mysql.go:137.2,137.17 1 0
monitor_system/internal/dao/session_mysql.go:142.2,144.12 3 0
monitor_system/internal/dao/session_mysql.go:111.16,112.16 1 0
monitor_system/internal/dao/session_mysql.go:115.3,116.13 2 0
monitor_system/internal/dao/session_mysql.go:112.16,114.4 1 0
monitor_system/internal/dao/session_mysql.go:125.16,129.3 3 0
monitor_system/internal/dao/session_mysql.go:131.16,135.3 3 0
monitor_system/internal/dao/session_mysql.go:137.17,141.3 3 0
monitor_system/internal/dao/session_mysql.go:147.59,149.16 2 0
monitor_system/internal/dao/session_mysql.go:156.2,158.16 3 0
monitor_system/internal/dao/session_mysql.go:163.2,164.16 2 0
monitor_system/internal/dao/session_mysql.go:169.2,169.17 1 0
monitor_system/internal/dao/session_mysql.go:175.2,177.12 3 0
monitor_system/internal/dao/session_mysql.go:149.16,150.16 1 0
monitor_system/internal/dao/session_mysql.go:153.3,154.13 2 0
monitor_system/internal/dao/session_mysql.go:150.16,152.4 1 0
monitor_system/internal/dao/session_mysql.go:158.16,162.3 3 0
monitor_system/internal/dao/session_mysql.go:164.16,168.3 3 0
monitor_system/internal/dao/session_mysql.go:169.17,173.3 3 0
monitor_system/apis/save_system_info.go:19.76,22.14 3 0
monitor_system/apis/save_system_info.go:25.2,25.36 1 0
monitor_system/apis/save_system_info.go:31.2,32.30 2 0
monitor_system/apis/save_system_info.go:35.2,36.30 2 0
monitor_system/apis/save_system_info.go:39.2,39.25 1 0
monitor_system/apis/save_system_info.go:22.14,24.3 1 0
monitor_system/apis/save_system_info.go:25.36,27.21 2 0
monitor_system/apis/save_system_info.go:27.21,29.4 1 0
monitor_system/apis/save_system_info.go:32.30,34.3 1 0
monitor_system/apis/save_system_info.go:36.30,38.3 1 0
monitor_system/apis/save_system_info.go:42.43,44.14 2 0
monitor_system/apis/save_system_info.go:49.2,53.14 5 0
monitor_system/apis/save_system_info.go:58.2,58.69 1 0
monitor_system/apis/save_system_info.go:44.14,47.3 2 0
monitor_system/apis/save_system_info.go:53.14,57.3 3 0
monitor_system/config/config.go:51.24,52.17 1 0
monitor_system/config/config.go:56.2,60.17 3 0
monitor_system/config/config.go:64.2,67.16 3 0
monitor_system/config/config.go:71.2,72.16 2 0
monitor_system/config/config.go:76.2,76.13 1 0
monitor_system/config/config.go:52.17,54.3 1 0
monitor_system/config/config.go:60.17,62.3 1 0
monitor_system/config/config.go:67.16,69.3 1 0
monitor_system/config/config.go:72.16,74.3 1 0
monitor_system/internal/dao/user_mysql.go:16.48,21.2 4 4
monitor_system/internal/dao/user_mysql.go:23.79,27.14 4 4
monitor_system/internal/dao/user_mysql.go:31.2,32.14 2 3
monitor_system/internal/dao/user_mysql.go:37.2,38.14 2 3
monitor_system/internal/dao/user_mysql.go:42.2,42.30 1 3
monitor_system/internal/dao/user_mysql.go:45.2,45.19 1 1
monitor_system/internal/dao/user_mysql.go:27.14,29.3 1 1
monitor_system/internal/dao/user_mysql.go:32.14,34.3 1 0
monitor_system/internal/dao/user_mysql.go:38.14,40.3 1 0
monitor_system/internal/dao/user_mysql.go:42.30,44.3 1 2
monitor_system/modules/session.go:5.62,7.2 1 5
monitor_system/modules/session.go:9.57,11.2 1 0
monitor_system/modules/session.go:13.53,15.2 1 5
monitor_system/modules/session.go:17.53,19.2 1 0
monitor_system/modules/user.go:5.81,7.2 1 4
monitor_system/logging/log.go:16.28,17.18 1 1
monitor_system/logging/log.go:21.2,25.18 3 1
monitor_system/logging/log.go:29.2,34.16 5 1
monitor_system/logging/log.go:37.2,38.14 2 1
monitor_system/logging/log.go:17.18,19.3 1 0
monitor_system/logging/log.go:25.18,27.3 1 0
monitor_system/logging/log.go:34.16,36.3 1 0
monitor_system/logging/log.go:41.32,42.18 1 26
monitor_system/logging/log.go:45.2,45.18 1 26
monitor_system/logging/log.go:49.2,49.21 1 26
monitor_system/logging/log.go:42.18,44.3 1 1
monitor_system/logging/log.go:45.18,48.3 2 0
monitor_system/logging/log.go:52.48,53.18 1 0
monitor_system/logging/log.go:56.2,56.18 1 0
monitor_system/logging/log.go:60.2,60.28 1 0
monitor_system/logging/log.go:53.18,55.3 1 0
monitor_system/logging/log.go:56.18,59.3 2 0
monitor_system/internal/utils/valid.go:8.74,9.16 1 20
monitor_system/internal/utils/valid.go:14.2,15.21 2 20
monitor_system/internal/utils/valid.go:9.16,10.24 1 15
monitor_system/internal/utils/valid.go:10.24,12.4 1 0
monitor_system/internal/utils/valid.go:19.74,20.16 1 4
monitor_system/internal/utils/valid.go:25.2,26.22 2 4
monitor_system/internal/utils/valid.go:20.16,21.24 1 4
monitor_system/internal/utils/valid.go:21.24,23.4 1 0
monitor_system/apis/save_system_info.go:19.76,22.14 3 4
monitor_system/apis/save_system_info.go:25.2,25.36 1 4
monitor_system/apis/save_system_info.go:31.2,32.30 2 3
monitor_system/apis/save_system_info.go:35.2,36.30 2 2
monitor_system/apis/save_system_info.go:39.2,39.25 1 1
monitor_system/apis/save_system_info.go:22.14,24.3 1 0
monitor_system/apis/save_system_info.go:25.36,27.21 2 4
monitor_system/apis/save_system_info.go:27.21,29.4 1 1
monitor_system/apis/save_system_info.go:32.30,34.3 1 1
monitor_system/apis/save_system_info.go:36.30,38.3 1 1
monitor_system/apis/save_system_info.go:42.43,44.14 2 4
monitor_system/apis/save_system_info.go:49.2,53.14 5 1
monitor_system/apis/save_system_info.go:58.2,58.69 1 1
monitor_system/apis/save_system_info.go:44.14,47.3 2 3
monitor_system/apis/save_system_info.go:53.14,57.3 3 0
monitor_system/internal/db/mysql.go:16.46,17.25 1 20
monitor_system/internal/db/mysql.go:21.2,25.25 3 20
monitor_system/internal/db/mysql.go:28.2,31.39 3 20
monitor_system/internal/db/mysql.go:35.2,35.21 1 20
monitor_system/internal/db/mysql.go:17.25,19.3 1 0
monitor_system/internal/db/mysql.go:25.25,27.3 1 0
monitor_system/internal/db/mysql.go:31.39,33.3 1 0
monitor_system/errcode/code_string.go:21.34,22.50 1 16
monitor_system/errcode/code_string.go:25.2,25.61 1 16
monitor_system/errcode/code_string.go:22.50,24.3 1 0
monitor_system/internal/dao/system_info_mysql.go:18.69,22.2 3 2
monitor_system/internal/dao/system_info_mysql.go:24.79,27.16 3 1
monitor_system/internal/dao/system_info_mysql.go:31.2,31.18 1 1
monitor_system/internal/dao/system_info_mysql.go:42.2,42.22 1 1
monitor_system/internal/dao/system_info_mysql.go:27.16,30.3 2 0
monitor_system/internal/dao/system_info_mysql.go:31.18,35.73 3 7
monitor_system/internal/dao/system_info_mysql.go:39.3,40.39 2 7
monitor_system/internal/dao/system_info_mysql.go:35.73,38.4 2 0
monitor_system/internal/dao/system_info_mysql.go:45.66,47.16 2 1
monitor_system/internal/dao/system_info_mysql.go:54.2,56.16 3 1
monitor_system/internal/dao/system_info_mysql.go:61.2,62.16 2 1
monitor_system/internal/dao/system_info_mysql.go:68.2,68.17 1 1
monitor_system/internal/dao/system_info_mysql.go:76.2,76.12 1 1
monitor_system/internal/dao/system_info_mysql.go:47.16,48.16 1 0
monitor_system/internal/dao/system_info_mysql.go:51.3,52.13 2 0
monitor_system/internal/dao/system_info_mysql.go:48.16,50.4 1 0
monitor_system/internal/dao/system_info_mysql.go:56.16,60.3 3 0
monitor_system/internal/dao/system_info_mysql.go:62.16,66.3 3 0
monitor_system/internal/dao/system_info_mysql.go:68.17,70.3 1 1
monitor_system/internal/dao/system_info_mysql.go:70.8,74.3 3 0
monitor_system/modules/system_info.go:8.80,10.2 1 1
monitor_system/modules/system_info.go:12.67,14.2 1 1
monitor_system/response/response.go:9.39,11.2 1 15
monitor_system/response/response.go:13.65,15.2 1 1
monitor_system/apis/get_system_info.go:17.60,20.14 3 5
monitor_system/apis/get_system_info.go:23.2,29.25 6 5
monitor_system/apis/get_system_info.go:32.2,33.25 2 4
monitor_system/apis/get_system_info.go:36.2,37.25 2 3
monitor_system/apis/get_system_info.go:41.2,42.25 2 2
monitor_system/apis/get_system_info.go:46.2,46.48 1 1
monitor_system/apis/get_system_info.go:50.2,51.14 2 1
monitor_system/apis/get_system_info.go:55.2,55.20 1 1
monitor_system/apis/get_system_info.go:59.2,59.48 1 1
monitor_system/apis/get_system_info.go:62.2,62.23 1 1
monitor_system/apis/get_system_info.go:20.14,22.3 1 0
monitor_system/apis/get_system_info.go:29.25,31.3 1 1
monitor_system/apis/get_system_info.go:33.25,35.3 1 1
monitor_system/apis/get_system_info.go:37.25,39.3 1 1
monitor_system/apis/get_system_info.go:42.25,44.3 1 1
monitor_system/apis/get_system_info.go:46.48,48.3 1 0
monitor_system/apis/get_system_info.go:51.14,53.3 1 1
monitor_system/apis/get_system_info.go:55.20,57.3 1 1
monitor_system/apis/get_system_info.go:59.48,61.3 1 1
monitor_system/apis/get_system_info.go:65.44,68.64 3 5
monitor_system/apis/get_system_info.go:73.2,76.16 4 1
monitor_system/apis/get_system_info.go:81.2,83.87 2 1
monitor_system/apis/get_system_info.go:68.64,72.3 3 4
monitor_system/apis/get_system_info.go:76.16,80.3 3 0
monitor_system/config/config.go:51.24,52.17 1 35
monitor_system/config/config.go:56.2,60.17 3 1
monitor_system/config/config.go:64.2,67.16 3 1
monitor_system/config/config.go:71.2,72.16 2 1
monitor_system/config/config.go:76.2,76.13 1 1
monitor_system/config/config.go:52.17,54.3 1 34
monitor_system/config/config.go:60.17,62.3 1 0
monitor_system/config/config.go:67.16,69.3 1 0
monitor_system/config/config.go:72.16,74.3 1 0
monitor_system/internal/middleware/auth.go:15.40,19.16 4 6
monitor_system/internal/middleware/auth.go:25.2,26.24 2 5
monitor_system/internal/middleware/auth.go:32.2,33.54 2 5
monitor_system/internal/middleware/auth.go:19.16,24.3 4 1
monitor_system/internal/middleware/auth.go:26.24,31.3 4 0
monitor_system/internal/middleware/auth.go:36.39,39.53 3 5
monitor_system/internal/middleware/auth.go:45.2,45.40 1 4
monitor_system/internal/middleware/auth.go:39.53,44.3 4 1
monitor_system/apis/user_login.go:18.71,21.14 3 5
monitor_system/apis/user_login.go:24.2,25.30 2 5
monitor_system/apis/user_login.go:28.2,28.19 1 4
monitor_system/apis/user_login.go:21.14,23.3 1 0
monitor_system/apis/user_login.go:25.30,27.3 1 1
monitor_system/apis/user_login.go:31.38,33.14 2 5
monitor_system/apis/user_login.go:37.2,42.98 6 4
monitor_system/apis/user_login.go:47.2,47.17 1 3
monitor_system/apis/user_login.go:53.2,55.14 3 2
monitor_system/apis/user_login.go:59.2,61.69 2 2
monitor_system/apis/user_login.go:33.14,36.3 2 1
monitor_system/apis/user_login.go:42.98,46.3 3 1
monitor_system/apis/user_login.go:47.17,51.3 3 1
monitor_system/apis/user_login.go:55.14,58.3 2 0
monitor_system/internal/dao/session_mysql.go:21.59,26.2 4 8
monitor_system/internal/dao/session_mysql.go:28.50,30.2 1 2
monitor_system/internal/dao/session_mysql.go:32.68,36.14 4 5
monitor_system/internal/dao/session_mysql.go:40.2,41.69 2 5
monitor_system/internal/dao/session_mysql.go:45.2,45.18 1 5
monitor_system/internal/dao/session_mysql.go:36.14,39.3 2 0
monitor_system/internal/dao/session_mysql.go:41.69,44.3 2 0
monitor_system/internal/dao/session_mysql.go:48.63,50.16 2 2
monitor_system/internal/dao/session_mysql.go:58.2,62.16 5 2
monitor_system/internal/dao/session_mysql.go:68.2,70.16 3 2
monitor_system/internal/dao/session_mysql.go:86.2,87.16 2 2
monitor_system/internal/dao/session_mysql.go:92.2,93.16 2 2
monitor_system/internal/dao/session_mysql.go:99.2,99.17 1 2
monitor_system/internal/dao/session_mysql.go:104.2,106.23 3 2
monitor_system/internal/dao/session_mysql.go:50.16,51.16 1 0
monitor_system/internal/dao/session_mysql.go:54.3,55.17 2 0
monitor_system/internal/dao/session_mysql.go:51.16,53.4 1 0
monitor_system/internal/dao/session_mysql.go:62.16,66.3 3 0
monitor_system/internal/dao/session_mysql.go:70.16,77.3 1 0
monitor_system/internal/dao/session_mysql.go:77.8,84.3 1 2
monitor_system/internal/dao/session_mysql.go:87.16,91.3 3 0
monitor_system/internal/dao/session_mysql.go:93.16,97.3 3 0
monitor_system/internal/dao/session_mysql.go:99.17,103.3 3 0
monitor_system/internal/dao/session_mysql.go:109.59,111.16 2 5
monitor_system/internal/dao/session_mysql.go:118.2,125.16 4 5
monitor_system/internal/dao/session_mysql.go:130.2,131.16 2 5
monitor_system/internal/dao/session_mysql.go:137.2,137.17 1 5
monitor_system/internal/dao/session_mysql.go:142.2,144.12 3 0
monitor_system/internal/dao/session_mysql.go:111.16,112.16 1 0
monitor_system/internal/dao/session_mysql.go:115.3,116.13 2 0
monitor_system/internal/dao/session_mysql.go:112.16,114.4 1 0
monitor_system/internal/dao/session_mysql.go:125.16,129.3 3 0
monitor_system/internal/dao/session_mysql.go:131.16,135.3 3 0
monitor_system/internal/dao/session_mysql.go:137.17,141.3 3 5
monitor_system/internal/dao/session_mysql.go:147.59,149.16 2 0
monitor_system/internal/dao/session_mysql.go:156.2,158.16 3 0
monitor_system/internal/dao/session_mysql.go:163.2,164.16 2 0
monitor_system/internal/dao/session_mysql.go:169.2,169.17 1 0
monitor_system/internal/dao/session_mysql.go:175.2,177.12 3 0
monitor_system/internal/dao/session_mysql.go:149.16,150.16 1 0
monitor_system/internal/dao/session_mysql.go:153.3,154.13 2 0
monitor_system/internal/dao/session_mysql.go:150.16,152.4 1 0
monitor_system/internal/dao/session_mysql.go:158.16,162.3 3 0
monitor_system/internal/dao/session_mysql.go:164.16,168.3 3 0
monitor_system/internal/dao/session_mysql.go:169.17,173.3 3 0
monitor_system/internal/routers/router.go:13.39,16.15 3 6
monitor_system/internal/routers/router.go:20.2,30.15 9 6
monitor_system/internal/routers/router.go:16.15,18.3 1 0
monitor_system/internal/cipher/aes.go:10.60,14.2 3 0
monitor_system/internal/cipher/aes.go:16.45,20.2 3 6
monitor_system/internal/cipher/aes.go:23.65,26.16 3 0
monitor_system/internal/cipher/aes.go:29.2,34.56 6 0
monitor_system/internal/cipher/aes.go:26.16,28.3 1 0
monitor_system/internal/cipher/aes.go:38.61,40.16 2 6
monitor_system/internal/cipher/aes.go:43.2,44.16 2 6
monitor_system/internal/cipher/aes.go:47.2,52.30 6 6
monitor_system/internal/cipher/aes.go:40.16,42.3 1 0
monitor_system/internal/cipher/aes.go:44.16,46.3 1 0
